Сборка начата 19.11.2024 11:25:59.
Уровень детализации журнала: Normal.     1>Проект "D:\лабы\сп\lab6\lab6\Lab-06c\Lab-06c.vcxproj" в узле 2 (целевые объекты Build).
     1>PrepareForBuild:
         Структурированный вывод включен. Форматирование диагностики компилятора будет отражать иерархию ошибок. Подробнее см. https://aka.ms/cpp/structured-output.
       InitializeBuildStatus:
         Создание "x64\Debug\Lab-06c.tlog\unsuccessfulbuild", так как было задано "AlwaysCreate".
         Обращение к "x64\Debug\Lab-06c.tlog\unsuccessfulbuild".
       ClCompile:
         C:\Program Files\Microsoft Visual Studio\2022\Community\VC\Tools\MSVC\14.38.33130\bin\HostX64\x64\CL.exe /c /ZI /JMC /nologo /W3 /WX- /diagnostics:column /sdl /Od /D _DEBUG /D _CONSOLE /D _UNICODE /D UNICODE /Gm- /EHsc /RTC1 /MDd /GS /fp:precise /Zc:wchar_t /Zc:forScope /Zc:inline /permissive- /Fo"x64\Debug\\" /Fd"x64\Debug\vc143.pdb" /external:W3 /Gd /TC /FC /errorReport:prompt "Lab-06c.c"
         Lab-06c.c
     1>D:\лабы\сп\lab6\lab6\Lab-06c\Lab-06c.c(71,25): warning C4477: "wprintf": в строке форматирования "%.*s" требуется аргумент типа "int", но вариативный аргумент "1" имеет тип "size_t"
         D:\лабы\сп\lab6\lab6\Lab-06c\Lab-06c.c(71,25):
         этот аргумент используется в качестве точности
         
       Link:
         C:\Program Files\Microsoft Visual Studio\2022\Community\VC\Tools\MSVC\14.38.33130\bin\HostX64\x64\link.exe /ERRORREPORT:PROMPT /OUT:"D:\лабы\сп\lab6\lab6\x64\Debug\Lab-06c.exe" /INCREMENTAL /ILK:"x64\Debug\Lab-06c.ilk" /NOLOGO kernel32.lib user32.lib gdi32.lib winspool.lib comdlg32.lib advapi32.lib shell32.lib ole32.lib oleaut32.lib uuid.lib odbc32.lib odbccp32.lib /MANIFEST /MANIFESTUAC:"level='asInvoker' uiAccess='false'" /manifest:embed /DEBUG /PDB:"D:\лабы\сп\lab6\lab6\x64\Debug\Lab-06c.pdb" /SUBSYSTEM:CONSOLE /TLBID:1 /DYNAMICBASE /NXCOMPAT /IMPLIB:"D:\лабы\сп\lab6\lab6\x64\Debug\Lab-06c.lib" /MACHINE:X64 "x64\Debug\Lab-06c.obj"
         Lab-06c.vcxproj -> D:\лабы\сп\lab6\lab6\x64\Debug\Lab-06c.exe
       FinalizeBuildStatus:
         Файл "x64\Debug\Lab-06c.tlog\unsuccessfulbuild" удаляется.
         Обращение к "x64\Debug\Lab-06c.tlog\Lab-06c.lastbuildstate".
     1>Сборка проекта "D:\лабы\сп\lab6\lab6\Lab-06c\Lab-06c.vcxproj" завершена (целевые объекты Build).

Сборка успешно завершена.

       "D:\лабы\сп\lab6\lab6\Lab-06c\Lab-06c.vcxproj" (целевой объект Build ) (1) ->
       (Целевой объект ClCompile) -> 
         D:\лабы\сп\lab6\lab6\Lab-06c\Lab-06c.c(71,25): warning C4477: "wprintf": в строке форматирования "%.*s" требуется аргумент типа "int", но вариативный аргумент "1" имеет тип "size_t"

    Предупреждений: 1
    Ошибок: 0

Прошло времени 00:00:00.59
