Сборка начата 09.12.2024 16:04:23.
Уровень детализации журнала: Normal.     1>Проект "D:\лабы\сп\lab8\lab8\Mappingd-2\Mappingd-2.vcxproj" в узле 2 (целевые объекты Build).
     1>PrepareForBuild:
         Структурированный вывод включен. Форматирование диагностики компилятора будет отражать иерархию ошибок. Подробнее см. https://aka.ms/cpp/structured-output.
       InitializeBuildStatus:
         Обращение к "x64\Debug\Mappingd-2.tlog\unsuccessfulbuild".
       ClCompile:
         C:\Program Files\Microsoft Visual Studio\2022\Community\VC\Tools\MSVC\14.38.33130\bin\HostX64\x64\CL.exe /c /ZI /JMC /nologo /W3 /WX- /diagnostics:column /sdl /Od /D _DEBUG /D MAPPINGD2_EXPORTS /D _WINDOWS /D _USRDLL /D _WINDLL /D _UNICODE /D UNICODE /Gm- /EHsc /RTC1 /MDd /GS /fp:precise /Zc:wchar_t /Zc:forScope /Zc:inline /permissive- /Fo"x64\Debug\\" /Fd"x64\Debug\vc143.pdb" /external:W3 /Gd /TC /FC /errorReport:prompt dllmain.c
         dllmain.c
     1>D:\лабы\сп\lab8\lab8\Mappingd-2\dllmain.c(38,24): warning C4028: формальный параметр 1 отличается от объявления
     1>D:\лабы\сп\lab8\lab8\Mappingd-2\dllmain.c(38,50): warning C4029: объявленный список формальных параметров отличается от объявления
       Link:
         C:\Program Files\Microsoft Visual Studio\2022\Community\VC\Tools\MSVC\14.38.33130\bin\HostX64\x64\link.exe /ERRORREPORT:PROMPT /OUT:"D:\лабы\сп\lab8\lab8\x64\Debug\Mappingd-2.dll" /INCREMENTAL /ILK:"x64\Debug\Mappingd-2.ilk" /NOLOGO kernel32.lib user32.lib gdi32.lib winspool.lib comdlg32.lib advapi32.lib shell32.lib ole32.lib oleaut32.lib uuid.lib odbc32.lib odbccp32.lib /MANIFEST /MANIFESTUAC:NO /manifest:embed /DEBUG /PDB:"D:\лабы\сп\lab8\lab8\x64\Debug\Mappingd-2.pdb" /SUBSYSTEM:WINDOWS /TLBID:1 /DYNAMICBASE /NXCOMPAT /IMPLIB:"D:\лабы\сп\lab8\lab8\x64\Debug\Mappingd-2.lib" /MACHINE:X64 /DLL x64\Debug\dllmain.obj
            Создается библиотека D:\лабы\сп\lab8\lab8\x64\Debug\Mappingd-2.lib и объект D:\лабы\сп\lab8\lab8\x64\Debug\Mappingd-2.exp
         Mappingd-2.vcxproj -> D:\лабы\сп\lab8\lab8\x64\Debug\Mappingd-2.dll
       FinalizeBuildStatus:
         Файл "x64\Debug\Mappingd-2.tlog\unsuccessfulbuild" удаляется.
         Обращение к "x64\Debug\Mappingd-2.tlog\Mappingd-2.lastbuildstate".
     1>Сборка проекта "D:\лабы\сп\lab8\lab8\Mappingd-2\Mappingd-2.vcxproj" завершена (целевые объекты Build).

Сборка успешно завершена.

       "D:\лабы\сп\lab8\lab8\Mappingd-2\Mappingd-2.vcxproj" (целевой объект Build ) (1) ->
       (Целевой объект ClCompile) -> 
         D:\лабы\сп\lab8\lab8\Mappingd-2\dllmain.c(38,24): warning C4028: формальный параметр 1 отличается от объявления
         D:\лабы\сп\lab8\lab8\Mappingd-2\dllmain.c(38,50): warning C4029: объявленный список формальных параметров отличается от объявления

    Предупреждений: 2
    Ошибок: 0

Прошло времени 00:00:00.86
