Сборка начата 07.11.2024 18:56:00.
Уровень детализации журнала: Normal.     1>Проект "D:\лабы\сп\lab5\lab5\Lab-05c\Lab-05c.vcxproj" в узле 2 (целевые объекты Build).
     1>PrepareForBuild:
         Структурированный вывод включен. Форматирование диагностики компилятора будет отражать иерархию ошибок. Подробнее см. https://aka.ms/cpp/structured-output.
       InitializeBuildStatus:
         Создание "x64\Debug\Lab-05c.tlog\unsuccessfulbuild", так как было задано "AlwaysCreate".
         Обращение к "x64\Debug\Lab-05c.tlog\unsuccessfulbuild".
       ClCompile:
         C:\Program Files\Microsoft Visual Studio\2022\Community\VC\Tools\MSVC\14.38.33130\bin\HostX64\x64\CL.exe /c /ZI /JMC /nologo /W3 /WX- /diagnostics:column /sdl /Od /D _DEBUG /D _CONSOLE /D _UNICODE /D UNICODE /Gm- /EHsc /RTC1 /MDd /GS /fp:precise /Zc:wchar_t /Zc:forScope /Zc:inline /permissive- /Fo"x64\Debug\\" /Fd"x64\Debug\vc143.pdb" /external:W3 /Gd /TC /FC /errorReport:prompt "Lab-05c.c"
         Lab-05c.c
     1>D:\лабы\сп\lab5\lab5\Lab-05c\Lab-05c.c(17,20): warning C4477: "printf": в строке форматирования "%zu" требуется аргумент типа "unsigned __int64", но вариативный аргумент "2" имеет тип "DWORD"
         D:\лабы\сп\lab5\lab5\Lab-05c\Lab-05c.c(17,20):
         рекомендуется использовать "%lu" в строке форматирования
         
     1>D:\лабы\сп\lab5\lab5\Lab-05c\Lab-05c.c(20,20): warning C4477: "printf": в строке форматирования "%zu" требуется аргумент типа "unsigned __int64", но вариативный аргумент "2" имеет тип "DWORD"
         D:\лабы\сп\lab5\lab5\Lab-05c\Lab-05c.c(20,20):
         рекомендуется использовать "%lu" в строке форматирования
         
       Link:
         C:\Program Files\Microsoft Visual Studio\2022\Community\VC\Tools\MSVC\14.38.33130\bin\HostX64\x64\link.exe /ERRORREPORT:PROMPT /OUT:"D:\лабы\сп\lab5\lab5\x64\Debug\Lab-05c.exe" /INCREMENTAL /ILK:"x64\Debug\Lab-05c.ilk" /NOLOGO kernel32.lib user32.lib gdi32.lib winspool.lib comdlg32.lib advapi32.lib shell32.lib ole32.lib oleaut32.lib uuid.lib odbc32.lib odbccp32.lib /MANIFEST /MANIFESTUAC:"level='asInvoker' uiAccess='false'" /manifest:embed /DEBUG /PDB:"D:\лабы\сп\lab5\lab5\x64\Debug\Lab-05c.pdb" /SUBSYSTEM:CONSOLE /TLBID:1 /DYNAMICBASE /NXCOMPAT /IMPLIB:"D:\лабы\сп\lab5\lab5\x64\Debug\Lab-05c.lib" /MACHINE:X64 "x64\Debug\Lab-05c.obj"
         Lab-05c.vcxproj -> D:\лабы\сп\lab5\lab5\x64\Debug\Lab-05c.exe
       FinalizeBuildStatus:
         Файл "x64\Debug\Lab-05c.tlog\unsuccessfulbuild" удаляется.
         Обращение к "x64\Debug\Lab-05c.tlog\Lab-05c.lastbuildstate".
     1>Сборка проекта "D:\лабы\сп\lab5\lab5\Lab-05c\Lab-05c.vcxproj" завершена (целевые объекты Build).

Сборка успешно завершена.

       "D:\лабы\сп\lab5\lab5\Lab-05c\Lab-05c.vcxproj" (целевой объект Build ) (1) ->
       (Целевой объект ClCompile) -> 
         D:\лабы\сп\lab5\lab5\Lab-05c\Lab-05c.c(17,20): warning C4477: "printf": в строке форматирования "%zu" требуется аргумент типа "unsigned __int64", но вариативный аргумент "2" имеет тип "DWORD"
         D:\лабы\сп\lab5\lab5\Lab-05c\Lab-05c.c(20,20): warning C4477: "printf": в строке форматирования "%zu" требуется аргумент типа "unsigned __int64", но вариативный аргумент "2" имеет тип "DWORD"

    Предупреждений: 2
    Ошибок: 0

Прошло времени 00:00:00.69
