Сборка начата 09.12.2024 16:38:37.
Уровень детализации журнала: Normal.     1>Проект "D:\лабы\сп\lab8\lab8\Lab-08a\Lab-08a.vcxproj" в узле 2 (целевые объекты Build).
     1>PrepareForBuild:
         Структурированный вывод включен. Форматирование диагностики компилятора будет отражать иерархию ошибок. Подробнее см. https://aka.ms/cpp/structured-output.
       InitializeBuildStatus:
         Создание "x64\Debug\Lab-08a.tlog\unsuccessfulbuild", так как было задано "AlwaysCreate".
         Обращение к "x64\Debug\Lab-08a.tlog\unsuccessfulbuild".
       ClCompile:
         Для всех выходных данных обновления не требуется.
       Link:
         C:\Program Files\Microsoft Visual Studio\2022\Community\VC\Tools\MSVC\14.38.33130\bin\HostX64\x64\link.exe /ERRORREPORT:PROMPT /OUT:"D:\лабы\сп\lab8\lab8\x64\Debug\Lab-08a.exe" /INCREMENTAL /ILK:"x64\Debug\Lab-08a.ilk" /NOLOGO kernel32.lib user32.lib gdi32.lib winspool.lib comdlg32.lib advapi32.lib shell32.lib ole32.lib oleaut32.lib uuid.lib odbc32.lib odbccp32.lib /MANIFEST /MANIFESTUAC:"level='asInvoker' uiAccess='false'" /manifest:embed /DEBUG /PDB:"D:\лабы\сп\lab8\lab8\x64\Debug\Lab-08a.pdb" /SUBSYSTEM:CONSOLE /TLBID:1 /DYNAMICBASE /NXCOMPAT /IMPLIB:"D:\лабы\сп\lab8\lab8\x64\Debug\Lab-08a.lib" /MACHINE:X64 "x64\Debug\Lab-08a.obj"
         "D:\лабы\сп\lab8\lab8\x64\Debug\Mappings.lib"
         Lab-08a.vcxproj -> D:\лабы\сп\lab8\lab8\x64\Debug\Lab-08a.exe
       FinalizeBuildStatus:
         Файл "x64\Debug\Lab-08a.tlog\unsuccessfulbuild" удаляется.
         Обращение к "x64\Debug\Lab-08a.tlog\Lab-08a.lastbuildstate".
     1>Сборка проекта "D:\лабы\сп\lab8\lab8\Lab-08a\Lab-08a.vcxproj" завершена (целевые объекты Build).

Сборка успешно завершена.
    Предупреждений: 0
    Ошибок: 0

Прошло времени 00:00:00.14
