Сборка начата 07.10.2024 20:09:56.
Уровень детализации журнала: Normal.     1>Проект "D:\лабы\сп\lab2\Lab02\Lab-02hw\Lab-02hw.vcxproj" в узле 2 (целевые объекты Build).
     1>PrepareForBuild:
         Структурированный вывод включен. Форматирование диагностики компилятора будет отражать иерархию ошибок. Подробнее см. https://aka.ms/cpp/structured-output.
       InitializeBuildStatus:
         Обращение к "Debug\Lab-02hw.tlog\unsuccessfulbuild".
       ClCompile:
         C:\Program Files\Microsoft Visual Studio\2022\Community\VC\Tools\MSVC\14.38.33130\bin\HostX86\x86\CL.exe /c /ZI /JMC /nologo /W3 /WX- /diagnostics:column /sdl /Od /Oy- /D WIN32 /D _DEBUG /D _CONSOLE /D _UNICODE /D UNICODE /Gm- /EHsc /RTC1 /MDd /GS /fp:precise /Zc:wchar_t /Zc:forScope /Zc:inline /permissive- /Fo"Debug\\" /Fd"Debug\vc143.pdb" /external:W3 /Gd /TC /analyze- /FC /errorReport:prompt "Lab-02hw.c"
         Lab-02hw.c
       Link:
         C:\Program Files\Microsoft Visual Studio\2022\Community\VC\Tools\MSVC\14.38.33130\bin\HostX86\x86\link.exe /ERRORREPORT:PROMPT /OUT:"D:\лабы\сп\lab2\Lab02\Debug\Lab-02hw.exe" /INCREMENTAL /ILK:"Debug\Lab-02hw.ilk" /NOLOGO kernel32.lib user32.lib gdi32.lib winspool.lib comdlg32.lib advapi32.lib shell32.lib ole32.lib oleaut32.lib uuid.lib odbc32.lib odbccp32.lib /MANIFEST /MANIFESTUAC:"level='asInvoker' uiAccess='false'" /manifest:embed /DEBUG /PDB:"D:\лабы\сп\lab2\Lab02\Debug\Lab-02hw.pdb" /SUBSYSTEM:CONSOLE /TLBID:1 /DYNAMICBASE /NXCOMPAT /IMPLIB:"D:\лабы\сп\lab2\Lab02\Debug\Lab-02hw.lib" /MACHINE:X86 "Debug\Lab-02hw.obj"
         Lab-02hw.vcxproj -> D:\лабы\сп\lab2\Lab02\Debug\Lab-02hw.exe
       TlogCleanup:
         Следующие элементы будут удалены из tlogs, так как они были удалены из проекта или сборки: D:\лабы\сп\lab2\Lab02\Lab-02hw\Lab-02hw.cpp.
       FinalizeBuildStatus:
         Файл "Debug\Lab-02hw.tlog\unsuccessfulbuild" удаляется.
         Обращение к "Debug\Lab-02hw.tlog\Lab-02hw.lastbuildstate".
     1>Сборка проекта "D:\лабы\сп\lab2\Lab02\Lab-02hw\Lab-02hw.vcxproj" завершена (целевые объекты Build).

Сборка успешно завершена.
    Предупреждений: 0
    Ошибок: 0

Прошло времени 00:00:00.38
