Сборка начата 06.11.2024 19:42:38.
Уровень детализации журнала: Normal.     1>Проект "D:\лабы\сп\lab5\lab5\Lab-5b\Lab-5b.vcxproj" в узле 2 (целевые объекты Build).
     1>PrepareForBuild:
         Структурированный вывод включен. Форматирование диагностики компилятора будет отражать иерархию ошибок. Подробнее см. https://aka.ms/cpp/structured-output.
       InitializeBuildStatus:
         Обращение к "x64\Debug\Lab-5b.tlog\unsuccessfulbuild".
       ClCompile:
         C:\Program Files\Microsoft Visual Studio\2022\Community\VC\Tools\MSVC\14.38.33130\bin\HostX64\x64\CL.exe /c /ZI /JMC /nologo /W3 /WX- /diagnostics:column /sdl /Od /D _DEBUG /D _CONSOLE /D _UNICODE /D UNICODE /Gm- /EHsc /RTC1 /MDd /GS /fp:precise /Zc:wchar_t /Zc:forScope /Zc:inline /permissive- /Fo"x64\Debug\\" /Fd"x64\Debug\vc143.pdb" /external:W3 /Gd /TC /FC /errorReport:prompt "Lab-5b.c"
         Lab-5b.c
       Link:
         C:\Program Files\Microsoft Visual Studio\2022\Community\VC\Tools\MSVC\14.38.33130\bin\HostX64\x64\link.exe /ERRORREPORT:PROMPT /OUT:"D:\лабы\сп\lab5\lab5\x64\Debug\Lab-5b.exe" /INCREMENTAL /ILK:"x64\Debug\Lab-5b.ilk" /NOLOGO kernel32.lib user32.lib gdi32.lib winspool.lib comdlg32.lib advapi32.lib shell32.lib ole32.lib oleaut32.lib uuid.lib odbc32.lib odbccp32.lib /MANIFEST /MANIFESTUAC:"level='asInvoker' uiAccess='false'" /manifest:embed /DEBUG /PDB:"D:\лабы\сп\lab5\lab5\x64\Debug\Lab-5b.pdb" /SUBSYSTEM:CONSOLE /TLBID:1 /DYNAMICBASE /NXCOMPAT /IMPLIB:"D:\лабы\сп\lab5\lab5\x64\Debug\Lab-5b.lib" /MACHINE:X64 "x64\Debug\Lab-5b.obj"
         Lab-5b.vcxproj -> D:\лабы\сп\lab5\lab5\x64\Debug\Lab-5b.exe
       TlogCleanup:
         Следующие элементы будут удалены из tlogs, так как они были удалены из проекта или сборки: D:\лабы\сп\lab5\lab5\Lab-5b\Lab-5b.cpp.
       FinalizeBuildStatus:
         Файл "x64\Debug\Lab-5b.tlog\unsuccessfulbuild" удаляется.
         Обращение к "x64\Debug\Lab-5b.tlog\Lab-5b.lastbuildstate".
     1>Сборка проекта "D:\лабы\сп\lab5\lab5\Lab-5b\Lab-5b.vcxproj" завершена (целевые объекты Build).

Сборка успешно завершена.
    Предупреждений: 0
    Ошибок: 0

Прошло времени 00:00:00.62
