Сборка начата 25.12.2024 17:58:19.
Уровень детализации журнала: Normal.     1>Проект "D:\lab9\Win\Lab9\ServiceCtl\ServiceCtl.vcxproj" в узле 2 (целевые объекты Build).
     1>PrepareForBuild:
         Структурированный вывод включен. Форматирование диагностики компилятора будет отражать иерархию ошибок. Подробнее см. https://aka.ms/cpp/structured-output.
       InitializeBuildStatus:
         Создание "x64\Debug\ServiceCtl.tlog\unsuccessfulbuild", так как было задано "AlwaysCreate".
         Обращение к "x64\Debug\ServiceCtl.tlog\unsuccessfulbuild".
       ClCompile:
         C:\Program Files\Microsoft Visual Studio\2022\Community\VC\Tools\MSVC\14.38.33130\bin\HostX64\x64\CL.exe /c /ZI /JMC /nologo /W3 /WX- /diagnostics:column /sdl /Od /D _DEBUG /D _CONSOLE /D _UNICODE /D UNICODE /Gm- /EHsc /RTC1 /MDd /GS /fp:precise /Zc:wchar_t /Zc:forScope /Zc:inline /permissive- /Fo"x64\Debug\\" /Fd"x64\Debug\vc143.pdb" /external:W3 /Gd /TP /FC /errorReport:prompt ServiceCtl.cpp
         ServiceCtl.cpp
       Link:
         C:\Program Files\Microsoft Visual Studio\2022\Community\VC\Tools\MSVC\14.38.33130\bin\HostX64\x64\link.exe /ERRORREPORT:PROMPT /OUT:"D:\lab9\Win\Lab9\x64\Debug\ServiceCtl.exe" /INCREMENTAL /ILK:"x64\Debug\ServiceCtl.ilk" /NOLOGO kernel32.lib user32.lib gdi32.lib winspool.lib comdlg32.lib advapi32.lib shell32.lib ole32.lib oleaut32.lib uuid.lib odbc32.lib odbccp32.lib /MANIFEST /MANIFESTUAC:"level='asInvoker' uiAccess='false'" /manifest:embed /DEBUG /PDB:"D:\lab9\Win\Lab9\x64\Debug\ServiceCtl.pdb" /SUBSYSTEM:CONSOLE /TLBID:1 /DYNAMICBASE /NXCOMPAT /IMPLIB:"D:\lab9\Win\Lab9\x64\Debug\ServiceCtl.lib" /MACHINE:X64 x64\Debug\ServiceCtl.obj
         ServiceCtl.vcxproj -> D:\lab9\Win\Lab9\x64\Debug\ServiceCtl.exe
       FinalizeBuildStatus:
         Файл "x64\Debug\ServiceCtl.tlog\unsuccessfulbuild" удаляется.
         Обращение к "x64\Debug\ServiceCtl.tlog\ServiceCtl.lastbuildstate".
     1>Сборка проекта "D:\lab9\Win\Lab9\ServiceCtl\ServiceCtl.vcxproj" завершена (целевые объекты Build).

Сборка успешно завершена.
    Предупреждений: 0
    Ошибок: 0

Прошло времени 00:00:01.22
